<?xml version="1.0" encoding="UTF-8"?>
<!-- Generated by org.testng.reporters.JUnitReportReporter -->
<testsuite hostname="LAPTOP-R88FV3I9" name="YrTest" tests="4" failures="0" timestamp="12 Nov 2018 13:18:39 GMT" time="28.792" errors="0">
  <testcase name="testSearchAndHittingEnter" time="3.155" classname="YrTest"/>
  <testcase name="testSearchAndNavigateLinks2" time="9.675" classname="YrTest"/>
  <testcase name="testSearchAndNavigateLinks" time="10.230" classname="YrTest"/>
  <testcase name="testSearch" time="5.732" classname="YrTest"/>
</testsuite> <!-- YrTest -->
